app/build/outputs/logs/manifest-merger-release-report.txt
-- Merging decision tree log ---
manifest
ADDED from src\main\AndroidManifest.xml:2:1-538:12
	package
		ADDED from src\main\AndroidManifest.xml:3:5-34
		INJECTED from src\main\AndroidManifest.xml
		INJECTED from src\main\AndroidManifest.xml
	android:versionName
		INJECTED from src\main\AndroidManifest.xml
		INJECTED from src\main\AndroidManifest.xml
	xmlns:android
		ADDED from src\main\AndroidManifest.xml:2:11-69
	android:versionCode
		INJECTED from src\main\AndroidManifest.xml
		INJECTED from src\main\AndroidManifest.xml
uses-permission#android.permission.BLUETOOTH
ADDED from src\main\AndroidManifest.xml:5:5-68
	android:name
		ADDED from src\main\AndroidManifest.xml:5:22-65
uses-permission#android.permission.BLUETOOTH_ADMIN
ADDED from src\main\AndroidManifest.xml:6:5-74
	android:name
		ADDED from src\main\AndroidManifest.xml:6:22-71
uses-permission#android.permission.GET_ACCOUNTS
ADDED from src\main\AndroidManifest.xml:7:5-71
	android:name
		ADDED from src\main\AndroidManifest.xml:7:22-68
uses-permission#android.permission.READ_PROFILE
ADDED from src\main\AndroidManifest.xml:8:5-71
	android:name
		ADDED from src\main\AndroidManifest.xml:8:22-68
uses-permission#android.permission.READ_PHONE_STATE
ADDED from src\main\AndroidManifest.xml:9:5-75
	android:name
		ADDED from src\main\AndroidManifest.xml:9:22-72
uses-permission#android.permission.WRITE_EXTERNAL_STORAGE
ADDED from src\main\AndroidManifest.xml:10:5-81
MERGED from [Hand_care:gallery:unspecified] AndroidManifest.xml:11:5-81
	android:name
		ADDED from src\main\AndroidManifest.xml:10:22-78
uses-permission#android.permission.MOUNT_UNMOUNT_FILESYSTEMS
ADDED from src\main\AndroidManifest.xml:11:5-84
	android:name
		ADDED from src\main\AndroidManifest.xml:11:22-81
uses-permission#android.permission.INTERNET
ADDED from src\main\AndroidManifest.xml:12:5-67
	android:name
		ADDED from src\main\AndroidManifest.xml:12:22-64
uses-permission#android.permission.WRITE_SETTINGS
ADDED from src\main\AndroidManifest.xml:13:5-73
	android:name
		ADDED from src\main\AndroidManifest.xml:13:22-70
uses-permission#android.permission.KILL_BACKGROUND_PROCESSES
ADDED from src\main\AndroidManifest.xml:14:5-84
	android:name
		ADDED from src\main\AndroidManifest.xml:14:22-81
uses-permission#android.permission.CAMERA
ADDED from src\main\AndroidManifest.xml:16:5-65
MERGED from [Hand_care:zxingLibrary:unspecified] AndroidManifest.xml:13:5-65
	android:name
		ADDED from src\main\AndroidManifest.xml:16:22-62
uses-feature#android.hardware.camera
ADDED from src\main\AndroidManifest.xml:18:5-59
MERGED from [Hand_care:zxingLibrary:unspecified] AndroidManifest.xml:15:5-60
	android:name
		ADDED from src\main\AndroidManifest.xml:18:19-57
uses-feature#android.hardware.autofocus
ADDED from src\main\AndroidManifest.xml:19:5-62
	android:name
		ADDED from src\main\AndroidManifest.xml:19:19-60
uses-permission#android.permission.ACCESS_WIFI_STATE
ADDED from src\main\AndroidManifest.xml:20:5-76
	android:name
		ADDED from src\main\AndroidManifest.xml:20:22-73
uses-permission#android.permission.READ_EXTERNAL_STORAGE
ADDED from src\main\AndroidManifest.xml:21:5-80
MERGED from [Hand_care:gallery:unspecified] AndroidManifest.xml:12:5-80
	android:name
		ADDED from src\main\AndroidManifest.xml:21:22-77
uses-permission#android.permission.ACCESS_FINE_LOCATION
ADDED from src\main\AndroidManifest.xml:22:5-79
	android:name
		ADDED from src\main\AndroidManifest.xml:22:22-76
uses-permission#android.permission.ACCESS_COARSE_LOCATION
ADDED from src\main\AndroidManifest.xml:23:5-81
	android:name
		ADDED from src\main\AndroidManifest.xml:23:22-78
uses-permission#android.permission.FLASHLIGHT
ADDED from src\main\AndroidManifest.xml:26:5-68
	android:name
		ADDED from src\main\AndroidManifest.xml:26:22-66
permission#com.canplay.medical.permission.JPUSH_MESSAGE
ADDED from src\main\AndroidManifest.xml:29:5-31:47
	android:protectionLevel
		ADDED from src\main\AndroidManifest.xml:31:9-44
	android:name
		ADDED from src\main\AndroidManifest.xml:30:9-68
uses-permission#com.canplay.repast_wear.permission.JPUSH_MESSAGE
ADDED from src\main\AndroidManifest.xml:34:5-88
	android:name
		ADDED from src\main\AndroidManifest.xml:34:22-85
uses-permission#android.permission.RECEIVE_USER_PRESENT
ADDED from src\main\AndroidManifest.xml:35:5-79
	android:name
		ADDED from src\main\AndroidManifest.xml:35:22-76
uses-permission#android.permission.WAKE_LOCK
ADDED from src\main\AndroidManifest.xml:37:5-68
	android:name
		ADDED from src\main\AndroidManifest.xml:37:22-65
uses-permission#android.permission.VIBRATE
ADDED from src\main\AndroidManifest.xml:42:5-66
MERGED from [Hand_care:zxingLibrary:unspecified] AndroidManifest.xml:11:5-66
	android:name
		ADDED from src\main\AndroidManifest.xml:42:22-63
uses-permission#android.permission.ACCESS_NETWORK_STATE
ADDED from src\main\AndroidManifest.xml:44:5-79
	android:name
		ADDED from src\main\AndroidManifest.xml:44:22-76
uses-permission#android.permission.RECEIVE_BOOT_COMPLETED
ADDED from src\main\AndroidManifest.xml:48:5-80
	android:name
		ADDED from src\main\AndroidManifest.xml:48:22-78
uses-permission#android.permission.RECORD_AUDIO
ADDED from src\main\AndroidManifest.xml:49:5-70
	android:name
		ADDED from src\main\AndroidManifest.xml:49:22-68
uses-permission#android.permission.SYSTEM_ALERT_WINDOW
ADDED from src\main\AndroidManifest.xml:52:5-78
	android:name
		ADDED from src\main\AndroidManifest.xml:52:22-75
uses-permission#android.permission.CHANGE_WIFI_STATE
ADDED from src\main\AndroidManifest.xml:54:5-76
	android:name
		ADDED from src\main\AndroidManifest.xml:54:22-73
uses-permission#android.permission.ACCESS_LOCATION_EXTRA_COMMANDS
ADDED from src\main\AndroidManifest.xml:56:5-89
	android:name
		ADDED from src\main\AndroidManifest.xml:56:22-86
uses-permission#android.permission.CHANGE_NETWORK_STATE
ADDED from src\main\AndroidManifest.xml:57:5-79
	android:name
		ADDED from src\main\AndroidManifest.xml:57:22-76
uses-permission#android.permission.GET_TASKS
ADDED from src\main\AndroidManifest.xml:58:5-68
	android:name
		ADDED from src\main\AndroidManifest.xml:58:22-65
uses-permission#android.permission.READ_LOGS
ADDED from src\main\AndroidManifest.xml:72:5-68
	android:name
		ADDED from src\main\AndroidManifest.xml:72:22-65
application
ADDED from src\main\AndroidManifest.xml:74:5-536:19
MERGED from [Hand_care:gallery:unspecified] AndroidManifest.xml:14:5-16:19
MERGED from [Hand_care:LibMarsdaemon:unspecified] AndroidManifest.xml:11:5-15:19
MERGED from [Hand_care:zxingLibrary:unspecified] AndroidManifest.xml:20:5-25:19
MERGED from [com.android.support:design:23.3.0] AndroidManifest.xml:22:5-20
MERGED from [Hand_care:litepal:unspecified] AndroidManifest.xml:11:5-14:19
MERGED from [com.android.support.constraint:constraint-layout:1.0.2] AndroidManifest.xml:9:5-20
MERGED from [com.malinskiy:superrecyclerview:1.1.4] AndroidManifest.xml:12:5-20
MERGED from [com.github.castorflex.smoothprogressbar:library-circular:1.2.0] AndroidManifest.xml:12:5-20
MERGED from [me.guhy:SwipeRefreshPlus:1.0.8] AndroidManifest.xml:11:5-14:19
MERGED from [com.android.support:appcompat-v7:26.0.0-alpha1] AndroidManifest.xml:29:5-20
MERGED from [com.android.support:support-v4:26.0.0-alpha1] AndroidManifest.xml:29:5-20
MERGED from [com.android.support:support-media-compat:26.0.0-alpha1] AndroidManifest.xml:29:5-20
MERGED from [com.android.support:support-fragment:26.0.0-alpha1] AndroidManifest.xml:29:5-20
MERGED from [com.android.support:support-core-ui:26.0.0-alpha1] AndroidManifest.xml:29:5-20
MERGED from [com.android.support:support-core-utils:26.0.0-alpha1] AndroidManifest.xml:29:5-20
MERGED from [com.android.support:animated-vector-drawable:26.0.0-alpha1] AndroidManifest.xml:26:5-20
MERGED from [com.android.support:support-vector-drawable:26.0.0-alpha1] AndroidManifest.xml:26:5-20
MERGED from [com.android.support:support-compat:26.0.0-alpha1] AndroidManifest.xml:29:5-20
MERGED from [com.android.support:cardview-v7:26.0.0-alpha1] AndroidManifest.xml:26:5-20
MERGED from [com.antfortune.freeline:runtime-no-op:0.8.7] AndroidManifest.xml:11:5-12:19
	android:label
		ADDED from src\main\AndroidManifest.xml:78:9-41
	android:supportsRtl
		ADDED from src\main\AndroidManifest.xml:81:9-35
	android:allowBackup
		ADDED from src\main\AndroidManifest.xml:76:9-35
	android:icon
		ADDED from src\main\AndroidManifest.xml:77:9-38
	android:largeHeap
		ADDED from src\main\AndroidManifest.xml:79:9-33
	android:persistent
		ADDED from src\main\AndroidManifest.xml:80:9-34
	android:theme
		ADDED from src\main\AndroidManifest.xml:82:9-40
	android:name
		ADDED from src\main\AndroidManifest.xml:75:9-64
activity#com.canplay.medical.mvp.activity.account.LoginActivity
ADDED from src\main\AndroidManifest.xml:83:9-92:20
	android:screenOrientation
		ADDED from src\main\AndroidManifest.xml:86:13-49
	android:configChanges
		ADDED from src\main\AndroidManifest.xml:85:13-74
	android:name
		ADDED from src\main\AndroidManifest.xml:84:13-82
intent-filter#android.intent.action.MAIN+android.intent.category.LAUNCHER
ADDED from src\main\AndroidManifest.xml:87:13-91:29
action#android.intent.action.MAIN
ADDED from src\main\AndroidManifest.xml:88:17-69
	android:name
		ADDED from src\main\AndroidManifest.xml:88:25-66
category#android.intent.category.LAUNCHER
ADDED from src\main\AndroidManifest.xml:90:17-77
	android:name
		ADDED from src\main\AndroidManifest.xml:90:27-74
provider#android.support.v4.content.FileProvider
ADDED from src\main\AndroidManifest.xml:94:9-102:20
	android:authorities
		ADDED from src\main\AndroidManifest.xml:96:13-67
	android:grantUriPermissions
		ADDED from src\main\AndroidManifest.xml:98:13-47
	android:exported
		ADDED from src\main\AndroidManifest.xml:97:13-37
	android:name
		ADDED from src\main\AndroidManifest.xml:95:13-67
meta-data#android.support.FILE_PROVIDER_PATHS
ADDED from src\main\AndroidManifest.xml:99:13-101:54
	android:resource
		ADDED from src\main\AndroidManifest.xml:101:17-51
	android:name
		ADDED from src\main\AndroidManifest.xml:100:17-67
activity#com.canplay.medical.mvp.activity.MainActivity
ADDED from src\main\AndroidManifest.xml:104:9-107:58
	android:launchMode
		ADDED from src\main\AndroidManifest.xml:106:13-43
	android:windowSoftInputMode
		ADDED from src\main\AndroidManifest.xml:107:13-55
	android:name
		ADDED from src\main\AndroidManifest.xml:105:13-73
activity#com.canplay.medical.mvp.activity.mine.MineCodeActivity
ADDED from src\main\AndroidManifest.xml:108:9-111:52
	android:screenOrientation
		ADDED from src\main\AndroidManifest.xml:111:13-49
	android:theme
		ADDED from src\main\AndroidManifest.xml:110:13-44
	android:name
		ADDED from src\main\AndroidManifest.xml:109:13-63
activity#com.canplay.medical.mvp.activity.mine.MineInfoActivity
ADDED from src\main\AndroidManifest.xml:112:9-115:52
	android:screenOrientation
		ADDED from src\main\AndroidManifest.xml:115:13-49
	android:theme
		ADDED from src\main\AndroidManifest.xml:114:13-44
	android:name
		ADDED from src\main\AndroidManifest.xml:113:13-63
activity#com.canplay.medical.mvp.activity.account.RegisteredSecondActivity
ADDED from src\main\AndroidManifest.xml:116:9-119:52
	android:screenOrientation
		ADDED from src\main\AndroidManifest.xml:119:13-49
	android:theme
		ADDED from src\main\AndroidManifest.xml:118:13-44
	android:name
		ADDED from src\main\AndroidManifest.xml:117:13-74
activity#com.canplay.medical.mvp.activity.TimerOnTimeActivity
ADDED from src\main\AndroidManifest.xml:120:9-123:52
	android:screenOrientation
		ADDED from src\main\AndroidManifest.xml:123:13-49
	android:theme
		ADDED from src\main\AndroidManifest.xml:122:13-44
	android:name
		ADDED from src\main\AndroidManifest.xml:121:13-61
activity#com.canplay.medical.mvp.activity.AlarmClockNapNotificationActivity
ADDED from src\main\AndroidManifest.xml:124:9-127:52
	android:screenOrientation
		ADDED from src\main\AndroidManifest.xml:127:13-49
	android:theme
		ADDED from src\main\AndroidManifest.xml:126:13-44
	android:name
		ADDED from src\main\AndroidManifest.xml:125:13-75
activity#com.canplay.medical.mvp.activity.mine.MineEuipmentActivity
ADDED from src\main\AndroidManifest.xml:129:9-132:51
	android:screenOrientation
		ADDED from src\main\AndroidManifest.xml:132:13-49
	android:theme
		ADDED from src\main\AndroidManifest.xml:131:13-44
	android:name
		ADDED from src\main\AndroidManifest.xml:130:13-67
activity#com.canplay.medical.mvp.activity.mine.MineHealthCenterActivity
ADDED from src\main\AndroidManifest.xml:133:9-136:52
	android:screenOrientation
		ADDED from src\main\AndroidManifest.xml:136:13-49
	android:theme
		ADDED from src\main\AndroidManifest.xml:135:13-44
	android:name
		ADDED from src\main\AndroidManifest.xml:134:13-71
activity#com.canplay.medical.mvp.activity.RemindFirstDetailActivity
ADDED from src\main\AndroidManifest.xml:137:9-140:52
	android:screenOrientation
		ADDED from src\main\AndroidManifest.xml:140:13-49
	android:theme
		ADDED from src\main\AndroidManifest.xml:139:13-44
	android:name
		ADDED from src\main\AndroidManifest.xml:138:13-67
activity#com.canplay.medical.mvp.activity.RemindSecondDetailActivity
ADDED from src\main\AndroidManifest.xml:141:9-144:52
	android:screenOrientation
		ADDED from src\main\AndroidManifest.xml:144:13-49
	android:theme
		ADDED from src\main\AndroidManifest.xml:143:13-44
	android:name
		ADDED from src\main\AndroidManifest.xml:142:13-68
activity#com.canplay.medical.mvp.activity.mine.AddFriendActivity
ADDED from src\main\AndroidManifest.xml:146:9-149:52
	android:screenOrientation
		ADDED from src\main\AndroidManifest.xml:149:13-49
	android:theme
		ADDED from src\main\AndroidManifest.xml:148:13-44
	android:name
		ADDED from src\main\AndroidManifest.xml:147:13-64
activity#com.canplay.medical.mvp.activity.mine.FriendDetailActivity
ADDED from src\main\AndroidManifest.xml:150:9-153:52
	android:screenOrientation
		ADDED from src\main\AndroidManifest.xml:153:13-49
	android:theme
		ADDED from src\main\AndroidManifest.xml:152:13-44
	android:name
		ADDED from src\main\AndroidManifest.xml:151:13-67
activity#com.canplay.medical.mvp.activity.mine.BloodPressRecordActivity
ADDED from src\main\AndroidManifest.xml:154:9-157:52
	android:screenOrientation
		ADDED from src\main\AndroidManifest.xml:157:13-49
	android:theme
		ADDED from src\main\AndroidManifest.xml:156:13-44
	android:name
		ADDED from src\main\AndroidManifest.xml:155:13-71
activity#com.canplay.medical.mvp.activity.mine.CollectionActivity
ADDED from src\main\AndroidManifest.xml:158:9-161:52
	android:screenOrientation
		ADDED from src\main\AndroidManifest.xml:161:13-49
	android:theme
		ADDED from src\main\AndroidManifest.xml:160:13-44
	android:name
		ADDED from src\main\AndroidManifest.xml:159:13-65
activity#com.canplay.medical.mvp.activity.mine.SettingActivity
ADDED from src\main\AndroidManifest.xml:162:9-165:8
	android:theme
		ADDED from src\main\AndroidManifest.xml:164:13-44
	android:name
		ADDED from src\main\AndroidManifest.xml:163:13-62
activity#com.canplay.medical.mvp.activity.mine.EditorPwsActivity
ADDED from src\main\AndroidManifest.xml:166:9-169:52
	android:screenOrientation
		ADDED from src\main\AndroidManifest.xml:169:13-49
	android:theme
		ADDED from src\main\AndroidManifest.xml:168:13-44
	android:name
		ADDED from src\main\AndroidManifest.xml:167:13-64
activity#com.canplay.medical.mvp.activity.mine.BindPhoneActivity
ADDED from src\main\AndroidManifest.xml:170:9-173:52
	android:screenOrientation
		ADDED from src\main\AndroidManifest.xml:173:13-49
	android:theme
		ADDED from src\main\AndroidManifest.xml:172:13-44
	android:name
		ADDED from src\main\AndroidManifest.xml:171:13-64
activity#com.canplay.medical.mvp.activity.mine.RemindHealthActivity
ADDED from src\main\AndroidManifest.xml:174:9-177:52
	android:screenOrientation
		ADDED from src\main\AndroidManifest.xml:177:13-49
	android:theme
		ADDED from src\main\AndroidManifest.xml:176:13-44
	android:name
		ADDED from src\main\AndroidManifest.xml:175:13-67
activity#com.canplay.medical.mvp.activity.mine.RemindSettingActivity
ADDED from src\main\AndroidManifest.xml:178:9-181:52
	android:screenOrientation
		ADDED from src\main\AndroidManifest.xml:181:13-49
	android:theme
		ADDED from src\main\AndroidManifest.xml:180:13-44
	android:name
		ADDED from src\main\AndroidManifest.xml:179:13-68
activity#com.canplay.medical.mvp.activity.home.UsePlanActivity
ADDED from src\main\AndroidManifest.xml:182:9-185:52
	android:screenOrientation
		ADDED from src\main\AndroidManifest.xml:185:13-49
	android:theme
		ADDED from src\main\AndroidManifest.xml:184:13-44
	android:name
		ADDED from src\main\AndroidManifest.xml:183:13-62
activity#com.canplay.medical.mvp.activity.home.MedicalDetailActivity
ADDED from src\main\AndroidManifest.xml:186:9-189:52
	android:screenOrientation
		ADDED from src\main\AndroidManifest.xml:189:13-49
	android:theme
		ADDED from src\main\AndroidManifest.xml:188:13-44
	android:name
		ADDED from src\main\AndroidManifest.xml:187:13-68
activity#com.canplay.medical.mvp.activity.home.MinePlanRemindActivity
ADDED from src\main\AndroidManifest.xml:191:9-194:52
	android:screenOrientation
		ADDED from src\main\AndroidManifest.xml:194:13-49
	android:theme
		ADDED from src\main\AndroidManifest.xml:193:13-44
	android:name
		ADDED from src\main\AndroidManifest.xml:192:13-69
activity#com.canplay.medical.mvp.activity.home.MineUseRecordActivity
ADDED from src\main\AndroidManifest.xml:195:9-198:52
	android:screenOrientation
		ADDED from src\main\AndroidManifest.xml:198:13-49
	android:theme
		ADDED from src\main\AndroidManifest.xml:197:13-44
	android:name
		ADDED from src\main\AndroidManifest.xml:196:13-68
activity#com.canplay.medical.mvp.activity.home.AddBloodDataActivity
ADDED from src\main\AndroidManifest.xml:199:9-202:52
	android:screenOrientation
		ADDED from src\main\AndroidManifest.xml:202:13-49
	android:theme
		ADDED from src\main\AndroidManifest.xml:201:13-44
	android:name
		ADDED from src\main\AndroidManifest.xml:200:13-67
activity#com.canplay.medical.mvp.activity.home.BloodMeasureRecordActivity
ADDED from src\main\AndroidManifest.xml:203:9-206:52
	android:screenOrientation
		ADDED from src\main\AndroidManifest.xml:206:13-49
	android:theme
		ADDED from src\main\AndroidManifest.xml:205:13-44
	android:name
		ADDED from src\main\AndroidManifest.xml:204:13-73
activity#com.canplay.medical.mvp.activity.home.MeasurePlanActivity
ADDED from src\main\AndroidManifest.xml:207:9-210:52
	android:screenOrientation
		ADDED from src\main\AndroidManifest.xml:210:13-49
	android:theme
		ADDED from src\main\AndroidManifest.xml:209:13-44
	android:name
		ADDED from src\main\AndroidManifest.xml:208:13-66
activity#com.canplay.medical.mvp.activity.LocationBdActivity
ADDED from src\main\AndroidManifest.xml:212:9-215:52
	android:screenOrientation
		ADDED from src\main\AndroidManifest.xml:215:13-49
	android:theme
		ADDED from src\main\AndroidManifest.xml:214:13-44
	android:name
		ADDED from src\main\AndroidManifest.xml:213:13-60
activity#com.google.zxing.client.android.activity.CaptureActivity
ADDED from src\main\AndroidManifest.xml:216:9-219:52
MERGED from [Hand_care:zxingLibrary:unspecified] AndroidManifest.xml:24:9-93
	android:screenOrientation
		ADDED from src\main\AndroidManifest.xml:219:13-49
	android:theme
		ADDED from src\main\AndroidManifest.xml:218:13-44
	android:name
		ADDED from src\main\AndroidManifest.xml:217:13-84
activity#com.canplay.medical.mvp.activity.WebViewWitesActivity
ADDED from src\main\AndroidManifest.xml:221:9-224:52
	android:screenOrientation
		ADDED from src\main\AndroidManifest.xml:224:13-49
	android:theme
		ADDED from src\main\AndroidManifest.xml:223:13-44
	android:name
		ADDED from src\main\AndroidManifest.xml:222:13-62
activity#com.canplay.medical.mvp.activity.home.MessageActivity
ADDED from src\main\AndroidManifest.xml:226:9-229:52
	android:screenOrientation
		ADDED from src\main\AndroidManifest.xml:229:13-49
	android:theme
		ADDED from src\main\AndroidManifest.xml:228:13-44
	android:name
		ADDED from src\main\AndroidManifest.xml:227:13-62
activity#com.canplay.medical.mvp.activity.home.AddDataActivity
ADDED from src\main\AndroidManifest.xml:230:9-233:52
	android:screenOrientation
		ADDED from src\main\AndroidManifest.xml:233:13-49
	android:theme
		ADDED from src\main\AndroidManifest.xml:232:13-44
	android:name
		ADDED from src\main\AndroidManifest.xml:231:13-62
activity#com.canplay.medical.mvp.activity.home.DoctorDetailActivity
ADDED from src\main\AndroidManifest.xml:235:9-238:52
	android:screenOrientation
		ADDED from src\main\AndroidManifest.xml:238:13-49
	android:theme
		ADDED from src\main\AndroidManifest.xml:237:13-44
	android:name
		ADDED from src\main\AndroidManifest.xml:236:13-67
activity#com.canplay.medical.mvp.activity.health.TimeXRecordActivity
ADDED from src\main\AndroidManifest.xml:239:9-242:52
	android:screenOrientation
		ADDED from src\main\AndroidManifest.xml:242:13-49
	android:theme
		ADDED from src\main\AndroidManifest.xml:241:13-44
	android:name
		ADDED from src\main\AndroidManifest.xml:240:13-68
activity#com.canplay.medical.mvp.activity.health.BloodChartRecordActivity
ADDED from src\main\AndroidManifest.xml:243:9-246:52
	android:screenOrientation
		ADDED from src\main\AndroidManifest.xml:246:13-49
	android:theme
		ADDED from src\main\AndroidManifest.xml:245:13-44
	android:name
		ADDED from src\main\AndroidManifest.xml:244:13-73
activity#com.canplay.medical.mvp.activity.health.SugarChartRecordActivity
ADDED from src\main\AndroidManifest.xml:247:9-250:52
	android:screenOrientation
		ADDED from src\main\AndroidManifest.xml:250:13-49
	android:theme
		ADDED from src\main\AndroidManifest.xml:249:13-44
	android:name
		ADDED from src\main\AndroidManifest.xml:248:13-73
activity#com.canplay.medical.mvp.activity.health.TakeMedicineActivity
ADDED from src\main\AndroidManifest.xml:251:9-254:52
	android:screenOrientation
		ADDED from src\main\AndroidManifest.xml:254:13-49
	android:theme
		ADDED from src\main\AndroidManifest.xml:253:13-44
	android:name
		ADDED from src\main\AndroidManifest.xml:252:13-69
activity#com.canplay.medical.mvp.activity.home.SmartKitActivity
ADDED from src\main\AndroidManifest.xml:255:9-258:52
	android:screenOrientation
		ADDED from src\main\AndroidManifest.xml:258:13-49
	android:theme
		ADDED from src\main\AndroidManifest.xml:257:13-44
	android:name
		ADDED from src\main\AndroidManifest.xml:256:13-63
activity#com.canplay.medical.mvp.activity.home.ChooseMedicalActivity
ADDED from src\main\AndroidManifest.xml:259:9-262:52
	android:screenOrientation
		ADDED from src\main\AndroidManifest.xml:262:13-49
	android:theme
		ADDED from src\main\AndroidManifest.xml:261:13-44
	android:name
		ADDED from src\main\AndroidManifest.xml:260:13-68
activity#com.canplay.medical.mvp.activity.home.SearchMedicalActivity
ADDED from src\main\AndroidManifest.xml:263:9-266:52
	android:screenOrientation
		ADDED from src\main\AndroidManifest.xml:266:13-49
	android:theme
		ADDED from src\main\AndroidManifest.xml:265:13-44
	android:name
		ADDED from src\main\AndroidManifest.xml:264:13-68
activity#com.canplay.medical.mvp.activity.home.MeasureActivity
ADDED from src\main\AndroidManifest.xml:267:9-270:52
	android:screenOrientation
		ADDED from src\main\AndroidManifest.xml:270:13-49
	android:theme
		ADDED from src\main\AndroidManifest.xml:269:13-44
	android:name
		ADDED from src\main\AndroidManifest.xml:268:13-62
activity#com.canplay.medical.mvp.activity.home.ChooseProjectActivity
ADDED from src\main\AndroidManifest.xml:271:9-274:52
	android:screenOrientation
		ADDED from src\main\AndroidManifest.xml:274:13-49
	android:theme
		ADDED from src\main\AndroidManifest.xml:273:13-44
	android:name
		ADDED from src\main\AndroidManifest.xml:272:13-68
activity#com.canplay.medical.mvp.activity.home.SmartEquitActivity
ADDED from src\main\AndroidManifest.xml:275:9-278:52
	android:screenOrientation
		ADDED from src\main\AndroidManifest.xml:278:13-49
	android:theme
		ADDED from src\main\AndroidManifest.xml:277:13-44
	android:name
		ADDED from src\main\AndroidManifest.xml:276:13-65
activity#com.canplay.medical.mvp.activity.home.EquipDetailActivity
ADDED from src\main\AndroidManifest.xml:279:9-282:52
	android:screenOrientation
		ADDED from src\main\AndroidManifest.xml:282:13-49
	android:theme
		ADDED from src\main\AndroidManifest.xml:281:13-44
	android:name
		ADDED from src\main\AndroidManifest.xml:280:13-66
activity#com.canplay.medical.mvp.activity.mine.UseMedicalRecordActivity
ADDED from src\main\AndroidManifest.xml:283:9-286:52
	android:screenOrientation
		ADDED from src\main\AndroidManifest.xml:286:13-49
	android:theme
		ADDED from src\main\AndroidManifest.xml:285:13-44
	android:name
		ADDED from src\main\AndroidManifest.xml:284:13-71
activity#com.canplay.medical.mvp.activity.mine.BloodSugarRecordActivity
ADDED from src\main\AndroidManifest.xml:287:9-290:52
	android:screenOrientation
		ADDED from src\main\AndroidManifest.xml:290:13-49
	android:theme
		ADDED from src\main\AndroidManifest.xml:289:13-44
	android:name
		ADDED from src\main\AndroidManifest.xml:288:13-71
activity#com.canplay.medical.mvp.activity.mine.MedicalDetailActivity
ADDED from src\main\AndroidManifest.xml:291:9-294:52
	android:screenOrientation
		ADDED from src\main\AndroidManifest.xml:294:13-49
	android:theme
		ADDED from src\main\AndroidManifest.xml:293:13-44
	android:name
		ADDED from src\main\AndroidManifest.xml:292:13-68
activity#com.canplay.medical.mvp.activity.account.ForgetPswActivity
ADDED from src\main\AndroidManifest.xml:295:9-298:52
	android:screenOrientation
		ADDED from src\main\AndroidManifest.xml:298:13-49
	android:theme
		ADDED from src\main\AndroidManifest.xml:297:13-44
	android:name
		ADDED from src\main\AndroidManifest.xml:296:13-67
activity#com.canplay.medical.mvp.activity.account.ForgetFirstActivity
ADDED from src\main\AndroidManifest.xml:299:9-302:52
	android:screenOrientation
		ADDED from src\main\AndroidManifest.xml:302:13-49
	android:theme
		ADDED from src\main\AndroidManifest.xml:301:13-44
	android:name
		ADDED from src\main\AndroidManifest.xml:300:13-69
activity#com.canplay.medical.mvp.activity.account.ChangePhoneActivity
ADDED from src\main\AndroidManifest.xml:304:9-307:52
	android:screenOrientation
		ADDED from src\main\AndroidManifest.xml:307:13-49
	android:theme
		ADDED from src\main\AndroidManifest.xml:306:13-44
	android:name
		ADDED from src\main\AndroidManifest.xml:305:13-69
activity#com.canplay.medical.mvp.activity.mine.AlarmActivity
ADDED from src\main\AndroidManifest.xml:309:9-312:52
	android:screenOrientation
		ADDED from src\main\AndroidManifest.xml:312:13-49
	android:theme
		ADDED from src\main\AndroidManifest.xml:311:13-44
	android:name
		ADDED from src\main\AndroidManifest.xml:310:13-60
receiver#com.canplay.medical.receiver.AlarmClockBroadcast
ADDED from src\main\AndroidManifest.xml:327:9-335:20
	android:process
		ADDED from src\main\AndroidManifest.xml:329:13-38
	android:name
		ADDED from src\main\AndroidManifest.xml:328:13-57
receiver#com.canplay.medical.receiver.BootBroadcastReceiver
ADDED from src\main\AndroidManifest.xml:337:9-341:20
	android:name
		ADDED from src\main\AndroidManifest.xml:337:19-65
intent-filter#android.intent.action.BOOT_COMPLETED
ADDED from src\main\AndroidManifest.xml:338:13-340:29
action#android.intent.action.BOOT_COMPLETED
ADDED from src\main\AndroidManifest.xml:339:17-78
	android:name
		ADDED from src\main\AndroidManifest.xml:339:25-76
receiver#com.canplay.medical.receiver.AlarmClockProcessReceiver
ADDED from src\main\AndroidManifest.xml:342:9-348:20
	android:exported
		ADDED from src\main\AndroidManifest.xml:344:13-37
	android:name
		ADDED from src\main\AndroidManifest.xml:343:13-63
intent-filter#com.canplay.medical.AlarmClockOff
ADDED from src\main\AndroidManifest.xml:345:13-347:29
action#com.canplay.medical.AlarmClockOff
ADDED from src\main\AndroidManifest.xml:346:17-75
	android:name
		ADDED from src\main\AndroidManifest.xml:346:25-73
receiver#com.canplay.medical.receiver.WakeReceiver
ADDED from src\main\AndroidManifest.xml:357:9-364:20
	android:enabled
		ADDED from src\main\AndroidManifest.xml:359:13-35
	android:exported
		ADDED from src\main\AndroidManifest.xml:360:13-37
	android:name
		ADDED from src\main\AndroidManifest.xml:358:13-50
intent-filter#com.kaku.weac.wake.gray
ADDED from src\main\AndroidManifest.xml:361:13-363:29
action#com.kaku.weac.wake.gray
ADDED from src\main\AndroidManifest.xml:362:17-65
	android:name
		ADDED from src\main\AndroidManifest.xml:362:25-63
service#com.canplay.medical.receiver.DaemonService$DaemonInnerService
ADDED from src\main\AndroidManifest.xml:366:9-370:40
	android:enabled
		ADDED from src\main\AndroidManifest.xml:368:13-35
	android:process
		ADDED from src\main\AndroidManifest.xml:370:13-38
	android:exported
		ADDED from src\main\AndroidManifest.xml:369:13-37
	android:name
		ADDED from src\main\AndroidManifest.xml:367:13-70
service#com.canplay.medical.receiver.WakeReceiver$WakeNotifyService
ADDED from src\main\AndroidManifest.xml:371:9-374:39
	android:enabled
		ADDED from src\main\AndroidManifest.xml:373:13-35
	android:exported
		ADDED from src\main\AndroidManifest.xml:374:13-37
	android:name
		ADDED from src\main\AndroidManifest.xml:372:13-68
service#com.canplay.medical.receiver.WakeReceiver$WakeGrayInnerService
ADDED from src\main\AndroidManifest.xml:376:9-379:39
	android:enabled
		ADDED from src\main\AndroidManifest.xml:378:13-35
	android:exported
		ADDED from src\main\AndroidManifest.xml:379:13-37
	android:name
		ADDED from src\main\AndroidManifest.xml:377:13-71
service#com.canplay.medical.receiver.DaemonService
ADDED from src\main\AndroidManifest.xml:382:9-386:19
	android:process
		ADDED from src\main\AndroidManifest.xml:385:13-38
	android:exported
		ADDED from src\main\AndroidManifest.xml:384:13-36
	android:name
		ADDED from src\main\AndroidManifest.xml:383:13-51
meta-data#com.baidu.lbsapi.API_KEY
ADDED from src\main\AndroidManifest.xml:390:9-392:64
	android:value
		ADDED from src\main\AndroidManifest.xml:392:13-61
	android:name
		ADDED from src\main\AndroidManifest.xml:391:13-52
service#com.baidu.location.f